{"/Users/ivo/Projects/new-project/client/app.js": {"path":"/Users/ivo/Projects/new-project/client/app.js","statementMap":{"0":{"start":{"line":1,"column":13},"end":{"line":1,"column":75}},"1":{"start":{"line":1,"column":75},"end":{"line":1,"column":132}},"2":{"start":{"line":9,"column":11},"end":{"line":9,"column":25}},"3":{"start":{"line":9,"column":38},"end":{"line":9,"column":66}},"4":{"start":{"line":10,"column":22},"end":{"line":10,"column":49}},"5":{"start":{"line":11,"column":20},"end":{"line":11,"column":44}},"6":{"start":{"line":11,"column":66},"end":{"line":11,"column":103}},"7":{"start":{"line":12,"column":11},"end":{"line":12,"column":38}},"8":{"start":{"line":12,"column":51},"end":{"line":12,"column":79}},"9":{"start":{"line":13,"column":14},"end":{"line":13,"column":33}},"10":{"start":{"line":13,"column":49},"end":{"line":13,"column":80}},"11":{"start":{"line":14,"column":13},"end":{"line":14,"column":31}},"12":{"start":{"line":14,"column":46},"end":{"line":14,"column":76}},"13":{"start":{"line":16,"column":0},"end":{"line":16,"column":48}},"14":{"start":{"line":17,"column":0},"end":{"line":17,"column":48}},"15":{"start":{"line":17,"column":86},"end":{"line":17,"column":140}},"16":{"start":{"line":23,"column":145},"end":{"line":23,"column":206}},"17":{"start":{"line":23,"column":206},"end":{"line":23,"column":248}},"18":{"start":{"line":23,"column":260},"end":{"line":25,"column":43}},"19":{"start":{"line":25,"column":44},"end":{"line":29,"column":10}},"20":{"start":{"line":29,"column":10},"end":{"line":29,"column":44}},"21":{"start":{"line":29,"column":44},"end":{"line":29,"column":76}}},"fnMap":{"0":{"name":"_interopRequireDefault","decl":{"start":{"line":17,"column":57},"end":{"line":17,"column":79}},"loc":{"start":{"line":17,"column":85},"end":{"line":17,"column":141}},"line":17}},"branchMap":{"0":{"loc":{"start":{"line":17,"column":93},"end":{"line":17,"column":139}},"type":"cond-expr","locations":[{"start":{"line":17,"column":117},"end":{"line":17,"column":120}},{"start":{"line":17,"column":123},"end":{"line":17,"column":139}}],"line":17},"1":{"loc":{"start":{"line":17,"column":93},"end":{"line":17,"column":114}},"type":"binary-expr","locations":[{"start":{"line":17,"column":93},"end":{"line":17,"column":96}},{"start":{"line":17,"column":100},"end":{"line":17,"column":114}}],"line":17}},"s":{"0":0,"1":0,"2":0,"3":0,"4":0,"5":0,"6":0,"7":0,"8":0,"9":0,"10":0,"11":0,"12":0,"13":0,"14":0,"15":0,"16":0,"17":0,"18":0,"19":0,"20":0,"21":0},"f":{"0":0},"b":{"0":[0,0],"1":[0,0]}}
,"/Users/ivo/Projects/new-project/client/dev-client.js": {"path":"/Users/ivo/Projects/new-project/client/dev-client.js","statementMap":{"0":{"start":{"line":1,"column":13},"end":{"line":1,"column":52}},"1":{"start":{"line":2,"column":0},"end":{"line":2,"column":34}}},"fnMap":{},"branchMap":{},"s":{"0":0,"1":0},"f":{},"b":{}}
,"/Users/ivo/Projects/new-project/client/index.js": {"path":"/Users/ivo/Projects/new-project/client/index.js","statementMap":{"0":{"start":{"line":8,"column":0},"end":{"line":8,"column":30}},"1":{"start":{"line":9,"column":11},"end":{"line":9,"column":27}},"2":{"start":{"line":14,"column":32},"end":{"line":14,"column":94}},"3":{"start":{"line":14,"column":76},"end":{"line":14,"column":93}},"4":{"start":{"line":15,"column":0},"end":{"line":15,"column":24}}},"fnMap":{},"branchMap":{"0":{"loc":{"start":{"line":14,"column":32},"end":{"line":14,"column":94}},"type":"if","locations":[{"start":{"line":14,"column":32},"end":{"line":14,"column":94}},{"start":{"line":14,"column":32},"end":{"line":14,"column":94}}],"line":14}},"s":{"0":0,"1":0,"2":0,"3":0,"4":0},"f":{},"b":{"0":[0,0]}}
,"/Users/ivo/Projects/new-project/client/promise-polyfill.js": {"path":"/Users/ivo/Projects/new-project/client/promise-polyfill.js","statementMap":{"0":{"start":{"line":1,"column":36},"end":{"line":1,"column":63}},"1":{"start":{"line":1,"column":88},"end":{"line":1,"column":128}},"2":{"start":{"line":1,"column":167},"end":{"line":1,"column":221}},"3":{"start":{"line":3,"column":0},"end":{"line":3,"column":61}}},"fnMap":{"0":{"name":"_interopRequireDefault","decl":{"start":{"line":1,"column":138},"end":{"line":1,"column":160}},"loc":{"start":{"line":1,"column":166},"end":{"line":1,"column":222}},"line":1}},"branchMap":{"0":{"loc":{"start":{"line":1,"column":174},"end":{"line":1,"column":220}},"type":"cond-expr","locations":[{"start":{"line":1,"column":198},"end":{"line":1,"column":201}},{"start":{"line":1,"column":204},"end":{"line":1,"column":220}}],"line":1},"1":{"loc":{"start":{"line":1,"column":174},"end":{"line":1,"column":195}},"type":"binary-expr","locations":[{"start":{"line":1,"column":174},"end":{"line":1,"column":177}},{"start":{"line":1,"column":181},"end":{"line":1,"column":195}}],"line":1},"2":{"loc":{"start":{"line":3,"column":17},"end":{"line":3,"column":60}},"type":"binary-expr","locations":[{"start":{"line":3,"column":17},"end":{"line":3,"column":31}},{"start":{"line":3,"column":35},"end":{"line":3,"column":60}}],"line":3}},"s":{"0":0,"1":0,"2":0,"3":0},"f":{"0":0},"b":{"0":[0,0],"1":[0,0],"2":[0,0]}}
,"/Users/ivo/Projects/new-project/client/pwa.js": {"path":"/Users/ivo/Projects/new-project/client/pwa.js","statementMap":{"0":{"start":{"line":1,"column":28},"end":{"line":1,"column":61}},"1":{"start":{"line":1,"column":78},"end":{"line":1,"column":110}},"2":{"start":{"line":1,"column":149},"end":{"line":1,"column":203}},"3":{"start":{"line":3,"column":0},"end":{"line":12,"column":7}},"4":{"start":{"line":5,"column":4},"end":{"line":5,"column":32}},"5":{"start":{"line":6,"column":4},"end":{"line":6,"column":36}},"6":{"start":{"line":10,"column":4},"end":{"line":10,"column":27}},"7":{"start":{"line":11,"column":4},"end":{"line":11,"column":22}}},"fnMap":{"0":{"name":"_interopRequireDefault","decl":{"start":{"line":1,"column":120},"end":{"line":1,"column":142}},"loc":{"start":{"line":1,"column":148},"end":{"line":1,"column":204}},"line":1}},"branchMap":{"0":{"loc":{"start":{"line":1,"column":156},"end":{"line":1,"column":202}},"type":"cond-expr","locations":[{"start":{"line":1,"column":180},"end":{"line":1,"column":183}},{"start":{"line":1,"column":186},"end":{"line":1,"column":202}}],"line":1},"1":{"loc":{"start":{"line":1,"column":156},"end":{"line":1,"column":177}},"type":"binary-expr","locations":[{"start":{"line":1,"column":156},"end":{"line":1,"column":159}},{"start":{"line":1,"column":163},"end":{"line":1,"column":177}}],"line":1}},"s":{"0":0,"1":0,"2":0,"3":0,"4":0,"5":0,"6":0,"7":0},"f":{"0":0},"b":{"0":[0,0],"1":[0,0]}}
,"/Users/ivo/Projects/new-project/client/components/App.vue": {"path":"/Users/ivo/Projects/new-project/client/components/App.vue","statementMap":{"0":{"start":{"line":1,"column":1},"end":{"line":3,"column":4}},"1":{"start":{"line":4,"column":0},"end":{"line":4,"column":70}},"2":{"start":{"line":4,"column":31},"end":{"line":4,"column":70}},"3":{"start":{"line":5,"column":24},"end":{"line":5,"column":100}},"4":{"start":{"line":6,"column":0},"end":{"line":6,"column":169}},"5":{"start":{"line":6,"column":54},"end":{"line":6,"column":58}},"6":{"start":{"line":6,"column":66},"end":{"line":6,"column":84}},"7":{"start":{"line":6,"column":92},"end":{"line":6,"column":108}},"8":{"start":{"line":6,"column":109},"end":{"line":6,"column":168}},"9":{"start":{"line":7,"column":0},"end":{"line":7,"column":37}}},"fnMap":{"0":{"name":"(anonymous_0)","decl":{"start":{"line":1,"column":2},"end":{"line":1,"column":3}},"loc":{"start":{"line":1,"column":12},"end":{"line":3,"column":1}},"line":1},"1":{"name":"render","decl":{"start":{"line":6,"column":35},"end":{"line":6,"column":41}},"loc":{"start":{"line":6,"column":45},"end":{"line":6,"column":169}},"line":6}},"branchMap":{"0":{"loc":{"start":{"line":4,"column":0},"end":{"line":4,"column":70}},"type":"if","locations":[{"start":{"line":4,"column":0},"end":{"line":4,"column":70}},{"start":{"line":4,"column":0},"end":{"line":4,"column":70}}],"line":4},"1":{"loc":{"start":{"line":5,"column":24},"end":{"line":5,"column":100}},"type":"cond-expr","locations":[{"start":{"line":5,"column":62},"end":{"line":5,"column":84}},{"start":{"line":5,"column":86},"end":{"line":5,"column":100}}],"line":5},"2":{"loc":{"start":{"line":6,"column":92},"end":{"line":6,"column":108}},"type":"binary-expr","locations":[{"start":{"line":6,"column":92},"end":{"line":6,"column":104}},{"start":{"line":6,"column":106},"end":{"line":6,"column":108}}],"line":6}},"s":{"0":0,"1":0,"2":0,"3":0,"4":0,"5":0,"6":0,"7":0,"8":0,"9":0},"f":{"0":0,"1":0},"b":{"0":[0,0],"1":[0,0],"2":[0,0]}}
,"/Users/ivo/Projects/new-project/client/components/Languages.vue": {"path":"/Users/ivo/Projects/new-project/client/components/Languages.vue","statementMap":{"0":{"start":{"line":1,"column":1},"end":{"line":51,"column":4}},"1":{"start":{"line":4,"column":0},"end":{"line":6,"column":3}},"2":{"start":{"line":8,"column":12},"end":{"line":8,"column":27}},"3":{"start":{"line":10,"column":0},"end":{"line":27,"column":2}},"4":{"start":{"line":17,"column":19},"end":{"line":17,"column":21}},"5":{"start":{"line":18,"column":6},"end":{"line":23,"column":9}},"6":{"start":{"line":19,"column":8},"end":{"line":22,"column":11}},"7":{"start":{"line":24,"column":6},"end":{"line":24,"column":20}},"8":{"start":{"line":52,"column":0},"end":{"line":52,"column":70}},"9":{"start":{"line":52,"column":31},"end":{"line":52,"column":70}},"10":{"start":{"line":53,"column":24},"end":{"line":53,"column":100}},"11":{"start":{"line":54,"column":0},"end":{"line":54,"column":802}},"12":{"start":{"line":54,"column":54},"end":{"line":54,"column":58}},"13":{"start":{"line":54,"column":66},"end":{"line":54,"column":84}},"14":{"start":{"line":54,"column":92},"end":{"line":54,"column":108}},"15":{"start":{"line":54,"column":109},"end":{"line":54,"column":801}},"16":{"start":{"line":55,"column":0},"end":{"line":55,"column":37}}},"fnMap":{"0":{"name":"(anonymous_0)","decl":{"start":{"line":1,"column":2},"end":{"line":1,"column":3}},"loc":{"start":{"line":1,"column":12},"end":{"line":51,"column":1}},"line":1},"1":{"name":"(anonymous_1)","decl":{"start":{"line":18,"column":42},"end":{"line":18,"column":43}},"loc":{"start":{"line":18,"column":49},"end":{"line":23,"column":7}},"line":18},"2":{"name":"render","decl":{"start":{"line":54,"column":35},"end":{"line":54,"column":41}},"loc":{"start":{"line":54,"column":45},"end":{"line":54,"column":802}},"line":54}},"branchMap":{"0":{"loc":{"start":{"line":52,"column":0},"end":{"line":52,"column":70}},"type":"if","locations":[{"start":{"line":52,"column":0},"end":{"line":52,"column":70}},{"start":{"line":52,"column":0},"end":{"line":52,"column":70}}],"line":52},"1":{"loc":{"start":{"line":53,"column":24},"end":{"line":53,"column":100}},"type":"cond-expr","locations":[{"start":{"line":53,"column":62},"end":{"line":53,"column":84}},{"start":{"line":53,"column":86},"end":{"line":53,"column":100}}],"line":53},"2":{"loc":{"start":{"line":54,"column":92},"end":{"line":54,"column":108}},"type":"binary-expr","locations":[{"start":{"line":54,"column":92},"end":{"line":54,"column":104}},{"start":{"line":54,"column":106},"end":{"line":54,"column":108}}],"line":54},"3":{"loc":{"start":{"line":54,"column":205},"end":{"line":54,"column":305}},"type":"cond-expr","locations":[{"start":{"line":54,"column":228},"end":{"line":54,"column":296}},{"start":{"line":54,"column":297},"end":{"line":54,"column":305}}],"line":54},"4":{"loc":{"start":{"line":54,"column":318},"end":{"line":54,"column":544}},"type":"cond-expr","locations":[{"start":{"line":54,"column":343},"end":{"line":54,"column":535}},{"start":{"line":54,"column":536},"end":{"line":54,"column":544}}],"line":54},"5":{"loc":{"start":{"line":54,"column":422},"end":{"line":54,"column":531}},"type":"cond-expr","locations":[{"start":{"line":54,"column":482},"end":{"line":54,"column":526}},{"start":{"line":54,"column":529},"end":{"line":54,"column":531}}],"line":54},"6":{"loc":{"start":{"line":54,"column":422},"end":{"line":54,"column":479}},"type":"binary-expr","locations":[{"start":{"line":54,"column":422},"end":{"line":54,"column":444}},{"start":{"line":54,"column":448},"end":{"line":54,"column":479}}],"line":54},"7":{"loc":{"start":{"line":54,"column":557},"end":{"line":54,"column":715}},"type":"cond-expr","locations":[{"start":{"line":54,"column":636},"end":{"line":54,"column":706}},{"start":{"line":54,"column":707},"end":{"line":54,"column":715}}],"line":54},"8":{"loc":{"start":{"line":54,"column":558},"end":{"line":54,"column":634}},"type":"binary-expr","locations":[{"start":{"line":54,"column":558},"end":{"line":54,"column":579}},{"start":{"line":54,"column":583},"end":{"line":54,"column":606}},{"start":{"line":54,"column":610},"end":{"line":54,"column":634}}],"line":54}},"s":{"0":0,"1":0,"2":0,"3":0,"4":0,"5":0,"6":0,"7":0,"8":0,"9":0,"10":0,"11":0,"12":0,"13":0,"14":0,"15":0,"16":0},"f":{"0":0,"1":0,"2":0},"b":{"0":[0,0],"1":[0,0],"2":[0,0],"3":[0,0],"4":[0,0],"5":[0,0],"6":[0,0],"7":[0,0],"8":[0,0,0]}}
,"/Users/ivo/Projects/new-project/client/components/Repositories.vue": {"path":"/Users/ivo/Projects/new-project/client/components/Repositories.vue","statementMap":{"0":{"start":{"line":1,"column":1},"end":{"line":77,"column":4}},"1":{"start":{"line":4,"column":0},"end":{"line":6,"column":3}},"2":{"start":{"line":8,"column":12},"end":{"line":8,"column":27}},"3":{"start":{"line":10,"column":0},"end":{"line":41,"column":2}},"4":{"start":{"line":17,"column":6},"end":{"line":17,"column":41}},"5":{"start":{"line":26,"column":6},"end":{"line":35,"column":9}},"6":{"start":{"line":27,"column":8},"end":{"line":34,"column":10}},"7":{"start":{"line":39,"column":4},"end":{"line":39,"column":28}},"8":{"start":{"line":78,"column":0},"end":{"line":78,"column":70}},"9":{"start":{"line":78,"column":31},"end":{"line":78,"column":70}},"10":{"start":{"line":79,"column":24},"end":{"line":79,"column":100}},"11":{"start":{"line":80,"column":0},"end":{"line":80,"column":1031}},"12":{"start":{"line":80,"column":54},"end":{"line":80,"column":58}},"13":{"start":{"line":80,"column":66},"end":{"line":80,"column":84}},"14":{"start":{"line":80,"column":92},"end":{"line":80,"column":108}},"15":{"start":{"line":80,"column":109},"end":{"line":80,"column":1030}},"16":{"start":{"line":80,"column":697},"end":{"line":80,"column":868}},"17":{"start":{"line":80,"column":766},"end":{"line":80,"column":791}},"18":{"start":{"line":80,"column":791},"end":{"line":80,"column":810}},"19":{"start":{"line":80,"column":905},"end":{"line":80,"column":1020}},"20":{"start":{"line":81,"column":0},"end":{"line":81,"column":37}}},"fnMap":{"0":{"name":"(anonymous_0)","decl":{"start":{"line":1,"column":2},"end":{"line":1,"column":3}},"loc":{"start":{"line":1,"column":12},"end":{"line":77,"column":1}},"line":1},"1":{"name":"(anonymous_1)","decl":{"start":{"line":26,"column":35},"end":{"line":26,"column":36}},"loc":{"start":{"line":26,"column":43},"end":{"line":35,"column":7}},"line":26},"2":{"name":"(anonymous_2)","decl":{"start":{"line":38,"column":11},"end":{"line":38,"column":12}},"loc":{"start":{"line":38,"column":23},"end":{"line":40,"column":3}},"line":38},"3":{"name":"render","decl":{"start":{"line":80,"column":35},"end":{"line":80,"column":41}},"loc":{"start":{"line":80,"column":45},"end":{"line":80,"column":1031}},"line":80},"4":{"name":"(anonymous_4)","decl":{"start":{"line":80,"column":682},"end":{"line":80,"column":683}},"loc":{"start":{"line":80,"column":696},"end":{"line":80,"column":869}},"line":80},"5":{"name":"(anonymous_5)","decl":{"start":{"line":80,"column":749},"end":{"line":80,"column":750}},"loc":{"start":{"line":80,"column":765},"end":{"line":80,"column":811}},"line":80},"6":{"name":"(anonymous_6)","decl":{"start":{"line":80,"column":890},"end":{"line":80,"column":891}},"loc":{"start":{"line":80,"column":904},"end":{"line":80,"column":1021}},"line":80}},"branchMap":{"0":{"loc":{"start":{"line":78,"column":0},"end":{"line":78,"column":70}},"type":"if","locations":[{"start":{"line":78,"column":0},"end":{"line":78,"column":70}},{"start":{"line":78,"column":0},"end":{"line":78,"column":70}}],"line":78},"1":{"loc":{"start":{"line":79,"column":24},"end":{"line":79,"column":100}},"type":"cond-expr","locations":[{"start":{"line":79,"column":62},"end":{"line":79,"column":84}},{"start":{"line":79,"column":86},"end":{"line":79,"column":100}}],"line":79},"2":{"loc":{"start":{"line":80,"column":92},"end":{"line":80,"column":108}},"type":"binary-expr","locations":[{"start":{"line":80,"column":92},"end":{"line":80,"column":104}},{"start":{"line":80,"column":106},"end":{"line":80,"column":108}}],"line":80},"3":{"loc":{"start":{"line":80,"column":208},"end":{"line":80,"column":314}},"type":"cond-expr","locations":[{"start":{"line":80,"column":234},"end":{"line":80,"column":305}},{"start":{"line":80,"column":306},"end":{"line":80,"column":314}}],"line":80},"4":{"loc":{"start":{"line":80,"column":327},"end":{"line":80,"column":568}},"type":"cond-expr","locations":[{"start":{"line":80,"column":355},"end":{"line":80,"column":559}},{"start":{"line":80,"column":560},"end":{"line":80,"column":568}}],"line":80},"5":{"loc":{"start":{"line":80,"column":437},"end":{"line":80,"column":555}},"type":"cond-expr","locations":[{"start":{"line":80,"column":503},"end":{"line":80,"column":550}},{"start":{"line":80,"column":553},"end":{"line":80,"column":555}}],"line":80},"6":{"loc":{"start":{"line":80,"column":437},"end":{"line":80,"column":500}},"type":"binary-expr","locations":[{"start":{"line":80,"column":437},"end":{"line":80,"column":462}},{"start":{"line":80,"column":466},"end":{"line":80,"column":500}}],"line":80}},"s":{"0":0,"1":0,"2":0,"3":0,"4":0,"5":0,"6":0,"7":0,"8":0,"9":0,"10":0,"11":0,"12":0,"13":0,"14":0,"15":0,"16":0,"17":0,"18":0,"19":0,"20":0},"f":{"0":0,"1":0,"2":0,"3":0,"4":0,"5":0,"6":0},"b":{"0":[0,0],"1":[0,0],"2":[0,0],"3":[0,0],"4":[0,0],"5":[0,0],"6":[0,0]}}
,"/Users/ivo/Projects/new-project/client/store/actions.js": {"path":"/Users/ivo/Projects/new-project/client/store/actions.js","statementMap":{"0":{"start":{"line":16,"column":4},"end":{"line":16,"column":11}},"1":{"start":{"line":17,"column":4},"end":{"line":17,"column":11}},"2":{"start":{"line":18,"column":4},"end":{"line":18,"column":11}},"3":{"start":{"line":20,"column":4},"end":{"line":20,"column":3}},"4":{"start":{"line":21,"column":6},"end":{"line":null,"column":-1}},"5":{"start":{"line":23,"column":10},"end":{"line":23,"column":23}},"6":{"start":{"line":24,"column":10},"end":{"line":24,"column":17}},"7":{"start":{"line":26,"column":10},"end":{"line":null,"column":-1}},"8":{"start":{"line":28,"column":8},"end":{"line":28,"column":15}},"9":{"start":{"line":29,"column":8},"end":{"line":29,"column":15}},"10":{"start":{"line":35,"column":4},"end":{"line":35,"column":11}},"11":{"start":{"line":36,"column":4},"end":{"line":36,"column":11}},"12":{"start":{"line":37,"column":4},"end":{"line":37,"column":11}},"13":{"start":{"line":39,"column":4},"end":{"line":39,"column":3}},"14":{"start":{"line":40,"column":6},"end":{"line":null,"column":-1}},"15":{"start":{"line":42,"column":10},"end":{"line":42,"column":17}},"16":{"start":{"line":43,"column":10},"end":{"line":43,"column":17}},"17":{"start":{"line":45,"column":10},"end":{"line":null,"column":-1}},"18":{"start":{"line":47,"column":8},"end":{"line":47,"column":15}},"19":{"start":{"line":48,"column":8},"end":{"line":48,"column":15}}},"fnMap":{"0":{"name":"(anonymous_0)","decl":{"start":{"line":20,"column":23},"end":{"line":20,"column":24}},"loc":{"start":{"line":20,"column":44},"end":{"line":20,"column":11}}},"1":{"name":"(anonymous_1)","decl":{"start":{"line":22,"column":8},"end":{"line":22,"column":19}},"loc":{"start":{"line":22,"column":20},"end":{"line":27,"column":11}}},"2":{"name":"(anonymous_2)","decl":{"start":{"line":27,"column":11},"end":{"line":27,"column":19}},"loc":{"start":{"line":27,"column":20},"end":{"line":21,"column":6}}},"3":{"name":"(anonymous_3)","decl":{"start":{"line":39,"column":23},"end":{"line":39,"column":24}},"loc":{"start":{"line":39,"column":44},"end":{"line":39,"column":11}}},"4":{"name":"(anonymous_4)","decl":{"start":{"line":41,"column":8},"end":{"line":41,"column":19}},"loc":{"start":{"line":41,"column":20},"end":{"line":46,"column":11}}},"5":{"name":"(anonymous_5)","decl":{"start":{"line":46,"column":11},"end":{"line":46,"column":19}},"loc":{"start":{"line":46,"column":20},"end":{"line":40,"column":6}}}},"branchMap":{},"s":{"0":2,"1":2,"2":2,"3":2,"4":2,"5":1,"6":1,"7":1,"8":1,"9":1,"10":2,"11":2,"12":2,"13":2,"14":2,"15":1,"16":1,"17":1,"18":1,"19":1},"f":{"0":2,"1":1,"2":1,"3":2,"4":1,"5":1},"b":{}}
,"/Users/ivo/Projects/new-project/client/store/getters.js": {"path":"/Users/ivo/Projects/new-project/client/store/getters.js","statementMap":{"0":{"start":{"line":7,"column":4},"end":{"line":7,"column":3}},"1":{"start":{"line":10,"column":4},"end":{"line":10,"column":3}},"2":{"start":{"line":13,"column":4},"end":{"line":13,"column":3}},"3":{"start":{"line":17,"column":4},"end":{"line":17,"column":3}},"4":{"start":{"line":20,"column":4},"end":{"line":20,"column":3}},"5":{"start":{"line":23,"column":4},"end":{"line":23,"column":3}}},"fnMap":{},"branchMap":{},"s":{"0":4,"1":4,"2":4,"3":5,"4":5,"5":5},"f":{},"b":{}}
,"/Users/ivo/Projects/new-project/client/store/index.js": {"path":"/Users/ivo/Projects/new-project/client/store/index.js","statementMap":{"0":{"start":{"line":1,"column":13},"end":{"line":1,"column":75}},"1":{"start":{"line":7,"column":11},"end":{"line":7,"column":25}},"2":{"start":{"line":7,"column":38},"end":{"line":7,"column":66}},"3":{"start":{"line":8,"column":12},"end":{"line":8,"column":27}},"4":{"start":{"line":8,"column":41},"end":{"line":8,"column":70}},"5":{"start":{"line":10,"column":13},"end":{"line":10,"column":31}},"6":{"start":{"line":10,"column":46},"end":{"line":10,"column":76}},"7":{"start":{"line":11,"column":17},"end":{"line":11,"column":39}},"8":{"start":{"line":11,"column":58},"end":{"line":11,"column":92}},"9":{"start":{"line":12,"column":15},"end":{"line":12,"column":35}},"10":{"start":{"line":12,"column":52},"end":{"line":12,"column":84}},"11":{"start":{"line":13,"column":15},"end":{"line":13,"column":35}},"12":{"start":{"line":13,"column":52},"end":{"line":13,"column":84}},"13":{"start":{"line":13,"column":123},"end":{"line":13,"column":177}},"14":{"start":{"line":17,"column":182},"end":{"line":17,"column":216}},"15":{"start":{"line":17,"column":230},"end":{"line":21,"column":31}},"16":{"start":{"line":21,"column":32},"end":{"line":24,"column":6}}},"fnMap":{"0":{"name":"_interopRequireDefault","decl":{"start":{"line":13,"column":94},"end":{"line":13,"column":116}},"loc":{"start":{"line":13,"column":122},"end":{"line":13,"column":178}},"line":13}},"branchMap":{"0":{"loc":{"start":{"line":13,"column":130},"end":{"line":13,"column":176}},"type":"cond-expr","locations":[{"start":{"line":13,"column":154},"end":{"line":13,"column":157}},{"start":{"line":13,"column":160},"end":{"line":13,"column":176}}],"line":13},"1":{"loc":{"start":{"line":13,"column":130},"end":{"line":13,"column":151}},"type":"binary-expr","locations":[{"start":{"line":13,"column":130},"end":{"line":13,"column":133}},{"start":{"line":13,"column":137},"end":{"line":13,"column":151}}],"line":13}},"s":{"0":0,"1":0,"2":0,"3":0,"4":0,"5":0,"6":0,"7":0,"8":0,"9":0,"10":0,"11":0,"12":0,"13":0,"14":0,"15":0,"16":0},"f":{"0":0},"b":{"0":[0,0],"1":[0,0]}}
,"/Users/ivo/Projects/new-project/client/store/mutations.js": {"path":"/Users/ivo/Projects/new-project/client/store/mutations.js","statementMap":{"0":{"start":{"line":18,"column":4},"end":{"line":18,"column":3}},"1":{"start":{"line":21,"column":4},"end":{"line":21,"column":3}},"2":{"start":{"line":24,"column":4},"end":{"line":24,"column":3}},"3":{"start":{"line":27,"column":4},"end":{"line":27,"column":3}},"4":{"start":{"line":30,"column":4},"end":{"line":30,"column":3}},"5":{"start":{"line":33,"column":4},"end":{"line":33,"column":3}},"6":{"start":{"line":36,"column":4},"end":{"line":36,"column":3}},"7":{"start":{"line":39,"column":4},"end":{"line":39,"column":3}}},"fnMap":{},"branchMap":{},"s":{"0":0,"1":0,"2":0,"3":0,"4":0,"5":0,"6":0,"7":0},"f":{},"b":{}}
,"/Users/ivo/Projects/new-project/client/views/Home.vue": {"path":"/Users/ivo/Projects/new-project/client/views/Home.vue","statementMap":{"0":{"start":{"line":1,"column":1},"end":{"line":58,"column":4}},"1":{"start":{"line":4,"column":0},"end":{"line":6,"column":3}},"2":{"start":{"line":8,"column":12},"end":{"line":8,"column":27}},"3":{"start":{"line":10,"column":20},"end":{"line":10,"column":57}},"4":{"start":{"line":12,"column":21},"end":{"line":12,"column":58}},"5":{"start":{"line":14,"column":17},"end":{"line":14,"column":51}},"6":{"start":{"line":16,"column":18},"end":{"line":16,"column":52}},"7":{"start":{"line":18,"column":39},"end":{"line":18,"column":93}},"8":{"start":{"line":20,"column":0},"end":{"line":36,"column":2}},"9":{"start":{"line":33,"column":6},"end":{"line":33,"column":93}},"10":{"start":{"line":59,"column":0},"end":{"line":59,"column":70}},"11":{"start":{"line":59,"column":31},"end":{"line":59,"column":70}},"12":{"start":{"line":60,"column":24},"end":{"line":60,"column":100}},"13":{"start":{"line":61,"column":0},"end":{"line":61,"column":385}},"14":{"start":{"line":61,"column":54},"end":{"line":61,"column":58}},"15":{"start":{"line":61,"column":66},"end":{"line":61,"column":84}},"16":{"start":{"line":61,"column":92},"end":{"line":61,"column":108}},"17":{"start":{"line":61,"column":109},"end":{"line":61,"column":384}},"18":{"start":{"line":62,"column":0},"end":{"line":62,"column":37}}},"fnMap":{"0":{"name":"(anonymous_0)","decl":{"start":{"line":1,"column":2},"end":{"line":1,"column":3}},"loc":{"start":{"line":1,"column":12},"end":{"line":58,"column":1}},"line":1},"1":{"name":"_interopRequireDefault","decl":{"start":{"line":18,"column":9},"end":{"line":18,"column":31}},"loc":{"start":{"line":18,"column":37},"end":{"line":18,"column":95}},"line":18},"2":{"name":"render","decl":{"start":{"line":61,"column":35},"end":{"line":61,"column":41}},"loc":{"start":{"line":61,"column":45},"end":{"line":61,"column":385}},"line":61}},"branchMap":{"0":{"loc":{"start":{"line":18,"column":46},"end":{"line":18,"column":92}},"type":"cond-expr","locations":[{"start":{"line":18,"column":70},"end":{"line":18,"column":73}},{"start":{"line":18,"column":76},"end":{"line":18,"column":92}}],"line":18},"1":{"loc":{"start":{"line":18,"column":46},"end":{"line":18,"column":67}},"type":"binary-expr","locations":[{"start":{"line":18,"column":46},"end":{"line":18,"column":49}},{"start":{"line":18,"column":53},"end":{"line":18,"column":67}}],"line":18},"2":{"loc":{"start":{"line":33,"column":13},"end":{"line":33,"column":92}},"type":"binary-expr","locations":[{"start":{"line":33,"column":13},"end":{"line":33,"column":34}},{"start":{"line":33,"column":38},"end":{"line":33,"column":61}},{"start":{"line":33,"column":65},"end":{"line":33,"column":92}}],"line":33},"3":{"loc":{"start":{"line":59,"column":0},"end":{"line":59,"column":70}},"type":"if","locations":[{"start":{"line":59,"column":0},"end":{"line":59,"column":70}},{"start":{"line":59,"column":0},"end":{"line":59,"column":70}}],"line":59},"4":{"loc":{"start":{"line":60,"column":24},"end":{"line":60,"column":100}},"type":"cond-expr","locations":[{"start":{"line":60,"column":62},"end":{"line":60,"column":84}},{"start":{"line":60,"column":86},"end":{"line":60,"column":100}}],"line":60},"5":{"loc":{"start":{"line":61,"column":92},"end":{"line":61,"column":108}},"type":"binary-expr","locations":[{"start":{"line":61,"column":92},"end":{"line":61,"column":104}},{"start":{"line":61,"column":106},"end":{"line":61,"column":108}}],"line":61},"6":{"loc":{"start":{"line":61,"column":297},"end":{"line":61,"column":380}},"type":"cond-expr","locations":[{"start":{"line":61,"column":317},"end":{"line":61,"column":371}},{"start":{"line":61,"column":372},"end":{"line":61,"column":380}}],"line":61}},"s":{"0":0,"1":0,"2":0,"3":0,"4":0,"5":0,"6":0,"7":0,"8":0,"9":0,"10":0,"11":0,"12":0,"13":0,"14":0,"15":0,"16":0,"17":0,"18":0},"f":{"0":0,"1":0,"2":0},"b":{"0":[0,0],"1":[0,0],"2":[0,0,0],"3":[0,0],"4":[0,0],"5":[0,0],"6":[0,0]}}
}
