TN:
SF:/Users/ivo/Projects/new-project/client/app.js
FN:17,_interopRequireDefault
FNF:1
FNH:0
FNDA:0,_interopRequireDefault
DA:1,0
DA:9,0
DA:10,0
DA:11,0
DA:12,0
DA:13,0
DA:14,0
DA:16,0
DA:17,0
DA:23,0
DA:25,0
DA:29,0
LF:12
LH:0
BRDA:17,0,0,0
BRDA:17,0,1,0
BRDA:17,1,0,0
BRDA:17,1,1,0
BRF:4
BRH:0
end_of_record
TN:
SF:/Users/ivo/Projects/new-project/client/dev-client.js
FNF:0
FNH:0
DA:1,0
DA:2,0
LF:2
LH:0
BRF:0
BRH:0
end_of_record
TN:
SF:/Users/ivo/Projects/new-project/client/index.js
FNF:0
FNH:0
DA:8,0
DA:9,0
DA:14,0
DA:15,0
LF:4
LH:0
BRDA:14,0,0,0
BRDA:14,0,1,0
BRF:2
BRH:0
end_of_record
TN:
SF:/Users/ivo/Projects/new-project/client/promise-polyfill.js
FN:1,_interopRequireDefault
FNF:1
FNH:0
FNDA:0,_interopRequireDefault
DA:1,0
DA:3,0
LF:2
LH:0
BRDA:1,0,0,0
BRDA:1,0,1,0
BRDA:1,1,0,0
BRDA:1,1,1,0
BRDA:3,2,0,0
BRDA:3,2,1,0
BRF:6
BRH:0
end_of_record
TN:
SF:/Users/ivo/Projects/new-project/client/pwa.js
FN:1,_interopRequireDefault
FNF:1
FNH:0
FNDA:0,_interopRequireDefault
DA:1,0
DA:3,0
DA:5,0
DA:6,0
DA:10,0
DA:11,0
LF:6
LH:0
BRDA:1,0,0,0
BRDA:1,0,1,0
BRDA:1,1,0,0
BRDA:1,1,1,0
BRF:4
BRH:0
end_of_record
TN:
SF:/Users/ivo/Projects/new-project/client/components/App.vue
FN:1,(anonymous_0)
FN:6,render
FNF:2
FNH:0
FNDA:0,(anonymous_0)
FNDA:0,render
DA:1,0
DA:4,0
DA:5,0
DA:6,0
DA:7,0
LF:5
LH:0
BRDA:4,0,0,0
BRDA:4,0,1,0
BRDA:5,1,0,0
BRDA:5,1,1,0
BRDA:6,2,0,0
BRDA:6,2,1,0
BRF:6
BRH:0
end_of_record
TN:
SF:/Users/ivo/Projects/new-project/client/components/Languages.vue
FN:1,(anonymous_0)
FN:18,(anonymous_1)
FN:54,render
FNF:3
FNH:0
FNDA:0,(anonymous_0)
FNDA:0,(anonymous_1)
FNDA:0,render
DA:1,0
DA:4,0
DA:8,0
DA:10,0
DA:17,0
DA:18,0
DA:19,0
DA:24,0
DA:52,0
DA:53,0
DA:54,0
DA:55,0
LF:12
LH:0
BRDA:52,0,0,0
BRDA:52,0,1,0
BRDA:53,1,0,0
BRDA:53,1,1,0
BRDA:54,2,0,0
BRDA:54,2,1,0
BRDA:54,3,0,0
BRDA:54,3,1,0
BRDA:54,4,0,0
BRDA:54,4,1,0
BRDA:54,5,0,0
BRDA:54,5,1,0
BRDA:54,6,0,0
BRDA:54,6,1,0
BRDA:54,7,0,0
BRDA:54,7,1,0
BRDA:54,8,0,0
BRDA:54,8,1,0
BRDA:54,8,2,0
BRF:19
BRH:0
end_of_record
TN:
SF:/Users/ivo/Projects/new-project/client/components/Repositories.vue
FN:1,(anonymous_0)
FN:26,(anonymous_1)
FN:38,(anonymous_2)
FN:80,render
FN:80,(anonymous_4)
FN:80,(anonymous_5)
FN:80,(anonymous_6)
FNF:7
FNH:0
FNDA:0,(anonymous_0)
FNDA:0,(anonymous_1)
FNDA:0,(anonymous_2)
FNDA:0,render
FNDA:0,(anonymous_4)
FNDA:0,(anonymous_5)
FNDA:0,(anonymous_6)
DA:1,0
DA:4,0
DA:8,0
DA:10,0
DA:17,0
DA:26,0
DA:27,0
DA:39,0
DA:78,0
DA:79,0
DA:80,0
DA:81,0
LF:12
LH:0
BRDA:78,0,0,0
BRDA:78,0,1,0
BRDA:79,1,0,0
BRDA:79,1,1,0
BRDA:80,2,0,0
BRDA:80,2,1,0
BRDA:80,3,0,0
BRDA:80,3,1,0
BRDA:80,4,0,0
BRDA:80,4,1,0
BRDA:80,5,0,0
BRDA:80,5,1,0
BRDA:80,6,0,0
BRDA:80,6,1,0
BRF:14
BRH:0
end_of_record
TN:
SF:/Users/ivo/Projects/new-project/client/store/actions.js
FN:20,(anonymous_0)
FN:22,(anonymous_1)
FN:27,(anonymous_2)
FN:39,(anonymous_3)
FN:41,(anonymous_4)
FN:46,(anonymous_5)
FNF:6
FNH:6
FNDA:2,(anonymous_0)
FNDA:1,(anonymous_1)
FNDA:1,(anonymous_2)
FNDA:2,(anonymous_3)
FNDA:1,(anonymous_4)
FNDA:1,(anonymous_5)
DA:16,2
DA:17,2
DA:18,2
DA:20,2
DA:21,2
DA:23,1
DA:24,1
DA:26,1
DA:28,1
DA:29,1
DA:35,2
DA:36,2
DA:37,2
DA:39,2
DA:40,2
DA:42,1
DA:43,1
DA:45,1
DA:47,1
DA:48,1
LF:20
LH:20
BRF:0
BRH:0
end_of_record
TN:
SF:/Users/ivo/Projects/new-project/client/store/getters.js
FNF:0
FNH:0
DA:7,4
DA:10,4
DA:13,4
DA:17,5
DA:20,5
DA:23,5
LF:6
LH:6
BRF:0
BRH:0
end_of_record
TN:
SF:/Users/ivo/Projects/new-project/client/store/index.js
FN:13,_interopRequireDefault
FNF:1
FNH:0
FNDA:0,_interopRequireDefault
DA:1,0
DA:7,0
DA:8,0
DA:10,0
DA:11,0
DA:12,0
DA:13,0
DA:17,0
DA:21,0
LF:9
LH:0
BRDA:13,0,0,0
BRDA:13,0,1,0
BRDA:13,1,0,0
BRDA:13,1,1,0
BRF:4
BRH:0
end_of_record
TN:
SF:/Users/ivo/Projects/new-project/client/store/mutations.js
FNF:0
FNH:0
DA:18,0
DA:21,0
DA:24,0
DA:27,0
DA:30,0
DA:33,0
DA:36,0
DA:39,0
LF:8
LH:0
BRF:0
BRH:0
end_of_record
TN:
SF:/Users/ivo/Projects/new-project/client/views/Home.vue
FN:1,(anonymous_0)
FN:18,_interopRequireDefault
FN:61,render
FNF:3
FNH:0
FNDA:0,(anonymous_0)
FNDA:0,_interopRequireDefault
FNDA:0,render
DA:1,0
DA:4,0
DA:8,0
DA:10,0
DA:12,0
DA:14,0
DA:16,0
DA:18,0
DA:20,0
DA:33,0
DA:59,0
DA:60,0
DA:61,0
DA:62,0
LF:14
LH:0
BRDA:18,0,0,0
BRDA:18,0,1,0
BRDA:18,1,0,0
BRDA:18,1,1,0
BRDA:33,2,0,0
BRDA:33,2,1,0
BRDA:33,2,2,0
BRDA:59,3,0,0
BRDA:59,3,1,0
BRDA:60,4,0,0
BRDA:60,4,1,0
BRDA:61,5,0,0
BRDA:61,5,1,0
BRDA:61,6,0,0
BRDA:61,6,1,0
BRF:15
BRH:0
end_of_record
